<?xml version="1.0" encoding="UTF-8"?>
<!-- Generated by org.testng.reporters.JUnitReportReporter -->
<testsuite skipped="0" hostname="dineshkila" name="com.amazon.testcases.SearchReasultPageTest" tests="1" failures="0" timestamp="02 Mar 2023 05:31:07 GMT" time="20.875" errors="0">
  <testcase name="selectProductTest" time="20.875" classname="com.amazon.testcases.SearchReasultPageTest"/>
</testsuite> <!-- com.amazon.testcases.SearchReasultPageTest -->
