<?xml version="1.0" encoding="UTF-8"?>
<!-- Generated by org.testng.reporters.JUnitReportReporter -->
<testsuite skipped="0" hostname="dineshkila" name="com.amazon.testcases.HomePageTest" tests="2" failures="0" timestamp="02 Mar 2023 05:19:53 GMT" time="42.512" errors="0">
  <testcase name="productSearchTest" time="21.962" classname="com.amazon.testcases.HomePageTest"/>
  <testcase name="verifyHelloAddress" time="20.550" classname="com.amazon.testcases.HomePageTest"/>
</testsuite> <!-- com.amazon.testcases.HomePageTest -->
