<?xml version="1.0" encoding="UTF-8"?>
<!-- Generated by org.testng.reporters.JUnitReportReporter -->
<testsuite skipped="0" hostname="dineshkila" name="com.amazon.testcases.IndexPageTest" tests="2" failures="0" timestamp="02 Mar 2023 05:07:17 GMT" time="126.530" errors="0">
  <testcase name="getAmazonTitle" time="78.174" classname="com.amazon.testcases.IndexPageTest"/>
  <testcase name="verifyMyAmazonLogo" time="48.356" classname="com.amazon.testcases.IndexPageTest"/>
</testsuite> <!-- com.amazon.testcases.IndexPageTest -->
