<?xml version="1.0" encoding="UTF-8"?>
<!-- Generated by org.testng.reporters.JUnitReportReporter -->
<testsuite skipped="0" hostname="dineshkila" name="com.amazon.testcases.LoginPageTest" tests="1" failures="0" timestamp="02 Mar 2023 05:15:14 GMT" time="53.637" errors="0">
  <testcase name="LoginTest" time="53.637" classname="com.amazon.testcases.LoginPageTest"/>
</testsuite> <!-- com.amazon.testcases.LoginPageTest -->
